<?xml version="1.0" encoding="UTF-8"?>
<!-- Generated by org.testng.reporters.JUnitReportReporter -->
<testsuite skipped="0" hostname="TMPL-FA-2005" name="test.PutPatchDelete" tests="1" failures="0" timestamp="2022-01-16T08:30:35 IST" time="2.699" errors="0">
  <testcase name="testDelete" time="2.699" classname="test.PutPatchDelete"/>
  <system-out/>
</testsuite> <!-- test.PutPatchDelete -->
