<?xml version="1.0" encoding="UTF-8"?>
<!-- Generated by org.testng.reporters.JUnitReportReporter -->
<testsuite skipped="0" hostname="TMPL-FA-2005" name="test.TestsExample" tests="2" failures="0" timestamp="2022-01-15T17:37:19 IST" time="4.962" errors="0">
  <testcase name="test2" time="3.619" classname="test.TestsExample"/>
  <system-out/>
  <testcase name="test_1" time="1.343" classname="test.TestsExample"/>
  <system-out/>
</testsuite> <!-- test.TestsExample -->
