<?xml version="1.0" encoding="UTF-8"?>
<!-- Generated by org.testng.reporters.JUnitReportReporter -->
<testsuite skipped="0" hostname="TMPL-FA-2005" name="apitesting.WeatherGetRequest" tests="1" failures="0" timestamp="2022-01-23T19:08:42 IST" time="1.591" errors="0">
  <testcase name="test_17" time="1.591" classname="apitesting.WeatherGetRequest"/>
  <system-out/>
</testsuite> <!-- apitesting.WeatherGetRequest -->
