<?xml version="1.0" encoding="UTF-8"?>
<!-- Generated by org.testng.reporters.JUnitReportReporter -->
<testsuite skipped="0" hostname="TMPL-FA-2005" name="test.testGet" tests="1" failures="0" timestamp="2022-01-22T07:38:48 IST" time="3.236" errors="0">
  <testcase name="test3" time="3.236" classname="test.testGet"/>
  <system-out/>
</testsuite> <!-- test.testGet -->
